<?xml version="1.0" encoding="UTF-8"?>
<robot generator="Robot 6.0.1 (Python 3.10.7 on win32)" generated="20221123 19:14:10.928" rpa="false" schemaversion="3">
<suite id="s1" name="GestionIFrame" source="c:\Users\Chafik\Desktop\RobotFrameProjet3\GestionIFrame.robot">
<test id="s1-t1" name="Test Gerer Alert" line="5">
<kw name="Open Browser" library="SeleniumLibrary">
<arg>https://www.selenium.dev/selenium/docs/api/java/index.html?overview-summary.html</arg>
<arg>gc</arg>
<doc>Opens a new browser instance to the optional ``url``.</doc>
<msg timestamp="20221123 19:14:11.345" level="INFO">Opening browser 'gc' to base url 'https://www.selenium.dev/selenium/docs/api/java/index.html?overview-summary.html'.</msg>
<status status="PASS" starttime="20221123 19:14:11.344" endtime="20221123 19:14:14.214"/>
</kw>
<kw name="Maximize Browser Window" library="SeleniumLibrary">
<doc>Maximizes current browser window.</doc>
<status status="PASS" starttime="20221123 19:14:14.218" endtime="20221123 19:14:14.377"/>
</kw>
<kw name="Sleep" library="BuiltIn">
<arg>2</arg>
<doc>Pauses the test executed for the given time.</doc>
<msg timestamp="20221123 19:14:16.381" level="INFO">Slept 2 seconds</msg>
<status status="PASS" starttime="20221123 19:14:14.378" endtime="20221123 19:14:16.381"/>
</kw>
<kw name="Select Frame" library="SeleniumLibrary">
<arg>name:packageListFrame</arg>
<doc>Sets frame identified by ``locator`` as the current frame.</doc>
<msg timestamp="20221123 19:14:16.384" level="INFO">Selecting frame 'name:packageListFrame'.</msg>
<status status="PASS" starttime="20221123 19:14:16.383" endtime="20221123 19:14:16.432"/>
</kw>
<kw name="Click Link" library="SeleniumLibrary">
<arg>org.openqa.selenium</arg>
<doc>Clicks a link identified by ``locator``.</doc>
<msg timestamp="20221123 19:14:16.435" level="INFO">Clicking link 'org.openqa.selenium'.</msg>
<status status="PASS" starttime="20221123 19:14:16.433" endtime="20221123 19:14:16.576"/>
</kw>
<kw name="Unselect Frame" library="SeleniumLibrary">
<doc>Sets the main frame as the current frame.</doc>
<status status="PASS" starttime="20221123 19:14:16.582" endtime="20221123 19:14:16.592"/>
</kw>
<kw name="Sleep" library="BuiltIn">
<arg>2</arg>
<doc>Pauses the test executed for the given time.</doc>
<msg timestamp="20221123 19:14:18.610" level="INFO">Slept 2 seconds</msg>
<status status="PASS" starttime="20221123 19:14:16.598" endtime="20221123 19:14:18.610"/>
</kw>
<kw name="Select Frame" library="SeleniumLibrary">
<arg>name:packageFrame</arg>
<doc>Sets frame identified by ``locator`` as the current frame.</doc>
<msg timestamp="20221123 19:14:18.613" level="INFO">Selecting frame 'name:packageFrame'.</msg>
<status status="PASS" starttime="20221123 19:14:18.612" endtime="20221123 19:14:18.668"/>
</kw>
<kw name="Click Link" library="SeleniumLibrary">
<arg>WebDriver</arg>
<doc>Clicks a link identified by ``locator``.</doc>
<msg timestamp="20221123 19:14:18.672" level="INFO">Clicking link 'WebDriver'.</msg>
<status status="PASS" starttime="20221123 19:14:18.670" endtime="20221123 19:14:18.807"/>
</kw>
<kw name="Unselect Frame" library="SeleniumLibrary">
<doc>Sets the main frame as the current frame.</doc>
<status status="PASS" starttime="20221123 19:14:18.812" endtime="20221123 19:14:18.820"/>
</kw>
<kw name="Sleep" library="BuiltIn">
<arg>2</arg>
<doc>Pauses the test executed for the given time.</doc>
<msg timestamp="20221123 19:14:20.834" level="INFO">Slept 2 seconds</msg>
<status status="PASS" starttime="20221123 19:14:18.820" endtime="20221123 19:14:20.834"/>
</kw>
<kw name="Select Frame" library="SeleniumLibrary">
<arg>name:classFrame</arg>
<doc>Sets frame identified by ``locator`` as the current frame.</doc>
<msg timestamp="20221123 19:14:20.837" level="INFO">Selecting frame 'name:classFrame'.</msg>
<status status="PASS" starttime="20221123 19:14:20.836" endtime="20221123 19:14:20.895"/>
</kw>
<kw name="Click Link" library="SeleniumLibrary">
<arg>Help</arg>
<doc>Clicks a link identified by ``locator``.</doc>
<msg timestamp="20221123 19:14:20.897" level="INFO">Clicking link 'Help'.</msg>
<status status="PASS" starttime="20221123 19:14:20.896" endtime="20221123 19:14:21.307"/>
</kw>
<kw name="Unselect Frame" library="SeleniumLibrary">
<doc>Sets the main frame as the current frame.</doc>
<status status="PASS" starttime="20221123 19:14:21.323" endtime="20221123 19:14:21.332"/>
</kw>
<kw name="Sleep" library="BuiltIn">
<arg>2</arg>
<doc>Pauses the test executed for the given time.</doc>
<msg timestamp="20221123 19:14:23.346" level="INFO">Slept 2 seconds</msg>
<status status="PASS" starttime="20221123 19:14:21.332" endtime="20221123 19:14:23.346"/>
</kw>
<kw name="Close Browser" library="SeleniumLibrary">
<doc>Closes the current browser.</doc>
<status status="PASS" starttime="20221123 19:14:23.347" endtime="20221123 19:14:25.646"/>
</kw>
<status status="PASS" starttime="20221123 19:14:11.343" endtime="20221123 19:14:25.647"/>
</test>
<status status="PASS" starttime="20221123 19:14:10.936" endtime="20221123 19:14:25.650"/>
</suite>
<statistics>
<total>
<stat pass="1" fail="0" skip="0">All Tests</stat>
</total>
<tag>
</tag>
<suite>
<stat pass="1" fail="0" skip="0" id="s1" name="GestionIFrame">GestionIFrame</stat>
</suite>
</statistics>
<errors>
</errors>
</robot>
